<?xml version="1.0" encoding="UTF-8"?>
<testsuite xmlns:xsi="http://www.w3.org/2001/XMLSchema-instance" xsi:noNamespaceSchemaLocation="https://maven.apache.org/surefire/maven-surefire-plugin/xsd/surefire-test-report-3.0.xsd" version="3.0" name="selab.desktop.resource_management.ResourceManagementPlatformApplicationTests" time="3.555" tests="1" errors="0" skipped="0" failures="0">
  <properties>
    <property name="java.specification.version" value="17"/>
    <property name="sun.cpu.isalist" value="amd64"/>
    <property name="sun.jnu.encoding" value="GBK"/>
    <property name="java.class.path" value="D:\Work\Work2 (JAVA)\resource_management_platform\target\test-classes;D:\Work\Work2 (JAVA)\resource_management_platform\target\classes;D:\Work\workMaven\apache-maven-3.9.1\mvn_repo\com\github\xiaoymin\knife4j-openapi3-jakarta-spring-boot-starter\4.1.0\knife4j-openapi3-jakarta-spring-boot-starter-4.1.0.jar;D:\Work\workMaven\apache-maven-3.9.1\mvn_repo\com\github\xiaoymin\knife4j-core\4.1.0\knife4j-core-4.1.0.jar;D:\Work\workMaven\apache-maven-3.9.1\mvn_repo\com\github\xiaoymin\knife4j-openapi3-ui\4.1.0\knife4j-openapi3-ui-4.1.0.jar;D:\Work\workMaven\apache-maven-3.9.1\mvn_repo\org\springdoc\springdoc-openapi-starter-common\2.0.4\springdoc-openapi-starter-common-2.0.4.jar;D:\Work\workMaven\apache-maven-3.9.1\mvn_repo\io\swagger\core\v3\swagger-core-jakarta\2.2.8\swagger-core-jakarta-2.2.8.jar;D:\Work\workMaven\apache-maven-3.9.1\mvn_repo\org\apache\commons\commons-lang3\3.12.0\commons-lang3-3.12.0.jar;D:\Work\workMaven\apache-maven-3.9.1\mvn_repo\jakarta\validation\jakarta.validation-api\3.0.2\jakarta.validation-api-3.0.2.jar;D:\Work\workMaven\apache-maven-3.9.1\mvn_repo\com\fasterxml\jackson\dataformat\jackson-dataformat-yaml\2.15.2\jackson-dataformat-yaml-2.15.2.jar;D:\Work\workMaven\apache-maven-3.9.1\mvn_repo\org\springdoc\springdoc-openapi-starter-webflux-ui\2.0.4\springdoc-openapi-starter-webflux-ui-2.0.4.jar;D:\Work\workMaven\apache-maven-3.9.1\mvn_repo\org\springdoc\springdoc-openapi-starter-webflux-api\2.0.4\springdoc-openapi-starter-webflux-api-2.0.4.jar;D:\Work\workMaven\apache-maven-3.9.1\mvn_repo\org\springframework\spring-webflux\6.0.10\spring-webflux-6.0.10.jar;D:\Work\workMaven\apache-maven-3.9.1\mvn_repo\io\projectreactor\reactor-core\3.5.7\reactor-core-3.5.7.jar;D:\Work\workMaven\apache-maven-3.9.1\mvn_repo\org\reactivestreams\reactive-streams\1.0.4\reactive-streams-1.0.4.jar;D:\Work\workMaven\apache-maven-3.9.1\mvn_repo\org\webjars\swagger-ui\4.18.1\swagger-ui-4.18.1.jar;D:\Work\workMaven\apache-maven-3.9.1\mvn_repo\org\webjars\webjars-locator-core\0.52\webjars-locator-core-0.52.jar;D:\Work\workMaven\apache-maven-3.9.1\mvn_repo\io\github\classgraph\classgraph\4.8.149\classgraph-4.8.149.jar;D:\Work\workMaven\apache-maven-3.9.1\mvn_repo\org\springdoc\springdoc-openapi-starter-webmvc-ui\2.0.4\springdoc-openapi-starter-webmvc-ui-2.0.4.jar;D:\Work\workMaven\apache-maven-3.9.1\mvn_repo\org\springdoc\springdoc-openapi-starter-webmvc-api\2.0.4\springdoc-openapi-starter-webmvc-api-2.0.4.jar;D:\Work\workMaven\apache-maven-3.9.1\mvn_repo\io\swagger\core\v3\swagger-annotations-jakarta\2.2.8\swagger-annotations-jakarta-2.2.8.jar;D:\Work\workMaven\apache-maven-3.9.1\mvn_repo\io\swagger\core\v3\swagger-models-jakarta\2.2.8\swagger-models-jakarta-2.2.8.jar;D:\Work\workMaven\apache-maven-3.9.1\mvn_repo\com\fasterxml\jackson\core\jackson-annotations\2.15.2\jackson-annotations-2.15.2.jar;D:\Work\workMaven\apache-maven-3.9.1\mvn_repo\org\springframework\boot\spring-boot-starter-web\3.1.1\spring-boot-starter-web-3.1.1.jar;D:\Work\workMaven\apache-maven-3.9.1\mvn_repo\org\springframework\boot\spring-boot-starter-json\3.1.1\spring-boot-starter-json-3.1.1.jar;D:\Work\workMaven\apache-maven-3.9.1\mvn_repo\com\fasterxml\jackson\core\jackson-databind\2.15.2\jackson-databind-2.15.2.jar;D:\Work\workMaven\apache-maven-3.9.1\mvn_repo\com\fasterxml\jackson\core\jackson-core\2.15.2\jackson-core-2.15.2.jar;D:\Work\workMaven\apache-maven-3.9.1\mvn_repo\com\fasterxml\jackson\datatype\jackson-datatype-jdk8\2.15.2\jackson-datatype-jdk8-2.15.2.jar;D:\Work\workMaven\apache-maven-3.9.1\mvn_repo\com\fasterxml\jackson\datatype\jackson-datatype-jsr310\2.15.2\jackson-datatype-jsr310-2.15.2.jar;D:\Work\workMaven\apache-maven-3.9.1\mvn_repo\com\fasterxml\jackson\module\jackson-module-parameter-names\2.15.2\jackson-module-parameter-names-2.15.2.jar;D:\Work\workMaven\apache-maven-3.9.1\mvn_repo\org\springframework\boot\spring-boot-starter-tomcat\3.1.1\spring-boot-starter-tomcat-3.1.1.jar;D:\Work\workMaven\apache-maven-3.9.1\mvn_repo\org\apache\tomcat\embed\tomcat-embed-core\10.1.10\tomcat-embed-core-10.1.10.jar;D:\Work\workMaven\apache-maven-3.9.1\mvn_repo\org\apache\tomcat\embed\tomcat-embed-el\10.1.10\tomcat-embed-el-10.1.10.jar;D:\Work\workMaven\apache-maven-3.9.1\mvn_repo\org\apache\tomcat\embed\tomcat-embed-websocket\10.1.10\tomcat-embed-websocket-10.1.10.jar;D:\Work\workMaven\apache-maven-3.9.1\mvn_repo\org\springframework\spring-web\6.0.10\spring-web-6.0.10.jar;D:\Work\workMaven\apache-maven-3.9.1\mvn_repo\org\springframework\spring-beans\6.0.10\spring-beans-6.0.10.jar;D:\Work\workMaven\apache-maven-3.9.1\mvn_repo\io\micrometer\micrometer-observation\1.11.1\micrometer-observation-1.11.1.jar;D:\Work\workMaven\apache-maven-3.9.1\mvn_repo\io\micrometer\micrometer-commons\1.11.1\micrometer-commons-1.11.1.jar;D:\Work\workMaven\apache-maven-3.9.1\mvn_repo\org\springframework\spring-webmvc\6.0.10\spring-webmvc-6.0.10.jar;D:\Work\workMaven\apache-maven-3.9.1\mvn_repo\org\springframework\spring-aop\6.0.10\spring-aop-6.0.10.jar;D:\Work\workMaven\apache-maven-3.9.1\mvn_repo\org\springframework\spring-context\6.0.10\spring-context-6.0.10.jar;D:\Work\workMaven\apache-maven-3.9.1\mvn_repo\org\springframework\spring-expression\6.0.10\spring-expression-6.0.10.jar;D:\Work\workMaven\apache-maven-3.9.1\mvn_repo\org\springframework\boot\spring-boot-starter\3.1.1\spring-boot-starter-3.1.1.jar;D:\Work\workMaven\apache-maven-3.9.1\mvn_repo\org\springframework\boot\spring-boot\3.1.1\spring-boot-3.1.1.jar;D:\Work\workMaven\apache-maven-3.9.1\mvn_repo\org\springframework\boot\spring-boot-autoconfigure\3.1.1\spring-boot-autoconfigure-3.1.1.jar;D:\Work\workMaven\apache-maven-3.9.1\mvn_repo\org\springframework\boot\spring-boot-starter-logging\3.1.1\spring-boot-starter-logging-3.1.1.jar;D:\Work\workMaven\apache-maven-3.9.1\mvn_repo\ch\qos\logback\logback-classic\1.4.8\logback-classic-1.4.8.jar;D:\Work\workMaven\apache-maven-3.9.1\mvn_repo\ch\qos\logback\logback-core\1.4.8\logback-core-1.4.8.jar;D:\Work\workMaven\apache-maven-3.9.1\mvn_repo\org\apache\logging\log4j\log4j-to-slf4j\2.20.0\log4j-to-slf4j-2.20.0.jar;D:\Work\workMaven\apache-maven-3.9.1\mvn_repo\org\apache\logging\log4j\log4j-api\2.20.0\log4j-api-2.20.0.jar;D:\Work\workMaven\apache-maven-3.9.1\mvn_repo\org\slf4j\jul-to-slf4j\2.0.7\jul-to-slf4j-2.0.7.jar;D:\Work\workMaven\apache-maven-3.9.1\mvn_repo\jakarta\annotation\jakarta.annotation-api\2.1.1\jakarta.annotation-api-2.1.1.jar;D:\Work\workMaven\apache-maven-3.9.1\mvn_repo\org\springframework\spring-core\6.0.10\spring-core-6.0.10.jar;D:\Work\workMaven\apache-maven-3.9.1\mvn_repo\org\springframework\spring-jcl\6.0.10\spring-jcl-6.0.10.jar;D:\Work\workMaven\apache-maven-3.9.1\mvn_repo\org\yaml\snakeyaml\1.33\snakeyaml-1.33.jar;D:\Work\workMaven\apache-maven-3.9.1\mvn_repo\org\projectlombok\lombok\1.18.28\lombok-1.18.28.jar;D:\Work\workMaven\apache-maven-3.9.1\mvn_repo\cn\hutool\hutool-all\5.8.10\hutool-all-5.8.10.jar;D:\Work\workMaven\apache-maven-3.9.1\mvn_repo\commons-lang\commons-lang\2.6\commons-lang-2.6.jar;D:\Work\workMaven\apache-maven-3.9.1\mvn_repo\org\aspectj\aspectjweaver\1.9.19\aspectjweaver-1.9.19.jar;D:\Work\workMaven\apache-maven-3.9.1\mvn_repo\mysql\mysql-connector-java\8.0.28\mysql-connector-java-8.0.28.jar;D:\Work\workMaven\apache-maven-3.9.1\mvn_repo\com\google\protobuf\protobuf-java\3.11.4\protobuf-java-3.11.4.jar;D:\Work\workMaven\apache-maven-3.9.1\mvn_repo\org\junit\platform\junit-platform-launcher\1.9.3\junit-platform-launcher-1.9.3.jar;D:\Work\workMaven\apache-maven-3.9.1\mvn_repo\org\junit\platform\junit-platform-engine\1.9.3\junit-platform-engine-1.9.3.jar;D:\Work\workMaven\apache-maven-3.9.1\mvn_repo\org\opentest4j\opentest4j\1.2.0\opentest4j-1.2.0.jar;D:\Work\workMaven\apache-maven-3.9.1\mvn_repo\org\junit\platform\junit-platform-commons\1.9.3\junit-platform-commons-1.9.3.jar;D:\Work\workMaven\apache-maven-3.9.1\mvn_repo\org\apiguardian\apiguardian-api\1.1.2\apiguardian-api-1.1.2.jar;D:\Work\workMaven\apache-maven-3.9.1\mvn_repo\org\slf4j\slf4j-reload4j\2.0.7\slf4j-reload4j-2.0.7.jar;D:\Work\workMaven\apache-maven-3.9.1\mvn_repo\org\slf4j\slf4j-api\2.0.7\slf4j-api-2.0.7.jar;D:\Work\workMaven\apache-maven-3.9.1\mvn_repo\ch\qos\reload4j\reload4j\1.2.22\reload4j-1.2.22.jar;D:\Work\workMaven\apache-maven-3.9.1\mvn_repo\com\alibaba\druid-spring-boot-starter\1.2.8\druid-spring-boot-starter-1.2.8.jar;D:\Work\workMaven\apache-maven-3.9.1\mvn_repo\com\alibaba\druid\1.2.8\druid-1.2.8.jar;D:\Work\workMaven\apache-maven-3.9.1\mvn_repo\javax\annotation\javax.annotation-api\1.3.2\javax.annotation-api-1.3.2.jar;D:\Work\workMaven\apache-maven-3.9.1\mvn_repo\com\alibaba\fastjson\1.2.83\fastjson-1.2.83.jar;D:\Work\workMaven\apache-maven-3.9.1\mvn_repo\org\springframework\boot\spring-boot-starter-test\3.1.1\spring-boot-starter-test-3.1.1.jar;D:\Work\workMaven\apache-maven-3.9.1\mvn_repo\org\springframework\boot\spring-boot-test\3.1.1\spring-boot-test-3.1.1.jar;D:\Work\workMaven\apache-maven-3.9.1\mvn_repo\org\springframework\boot\spring-boot-test-autoconfigure\3.1.1\spring-boot-test-autoconfigure-3.1.1.jar;D:\Work\workMaven\apache-maven-3.9.1\mvn_repo\com\jayway\jsonpath\json-path\2.8.0\json-path-2.8.0.jar;D:\Work\workMaven\apache-maven-3.9.1\mvn_repo\jakarta\xml\bind\jakarta.xml.bind-api\4.0.0\jakarta.xml.bind-api-4.0.0.jar;D:\Work\workMaven\apache-maven-3.9.1\mvn_repo\jakarta\activation\jakarta.activation-api\2.1.2\jakarta.activation-api-2.1.2.jar;D:\Work\workMaven\apache-maven-3.9.1\mvn_repo\net\minidev\json-smart\2.4.11\json-smart-2.4.11.jar;D:\Work\workMaven\apache-maven-3.9.1\mvn_repo\net\minidev\accessors-smart\2.4.11\accessors-smart-2.4.11.jar;D:\Work\workMaven\apache-maven-3.9.1\mvn_repo\org\ow2\asm\asm\9.3\asm-9.3.jar;D:\Work\workMaven\apache-maven-3.9.1\mvn_repo\org\assertj\assertj-core\3.24.2\assertj-core-3.24.2.jar;D:\Work\workMaven\apache-maven-3.9.1\mvn_repo\net\bytebuddy\byte-buddy\1.14.5\byte-buddy-1.14.5.jar;D:\Work\workMaven\apache-maven-3.9.1\mvn_repo\org\hamcrest\hamcrest\2.2\hamcrest-2.2.jar;D:\Work\workMaven\apache-maven-3.9.1\mvn_repo\org\junit\jupiter\junit-jupiter\5.9.3\junit-jupiter-5.9.3.jar;D:\Work\workMaven\apache-maven-3.9.1\mvn_repo\org\junit\jupiter\junit-jupiter-api\5.9.3\junit-jupiter-api-5.9.3.jar;D:\Work\workMaven\apache-maven-3.9.1\mvn_repo\org\junit\jupiter\junit-jupiter-params\5.9.3\junit-jupiter-params-5.9.3.jar;D:\Work\workMaven\apache-maven-3.9.1\mvn_repo\org\junit\jupiter\junit-jupiter-engine\5.9.3\junit-jupiter-engine-5.9.3.jar;D:\Work\workMaven\apache-maven-3.9.1\mvn_repo\org\mockito\mockito-core\5.3.1\mockito-core-5.3.1.jar;D:\Work\workMaven\apache-maven-3.9.1\mvn_repo\net\bytebuddy\byte-buddy-agent\1.14.5\byte-buddy-agent-1.14.5.jar;D:\Work\workMaven\apache-maven-3.9.1\mvn_repo\org\objenesis\objenesis\3.3\objenesis-3.3.jar;D:\Work\workMaven\apache-maven-3.9.1\mvn_repo\org\mockito\mockito-junit-jupiter\5.3.1\mockito-junit-jupiter-5.3.1.jar;D:\Work\workMaven\apache-maven-3.9.1\mvn_repo\org\skyscreamer\jsonassert\1.5.1\jsonassert-1.5.1.jar;D:\Work\workMaven\apache-maven-3.9.1\mvn_repo\com\vaadin\external\google\android-json\0.0.20131108.vaadin1\android-json-0.0.20131108.vaadin1.jar;D:\Work\workMaven\apache-maven-3.9.1\mvn_repo\org\springframework\spring-test\6.0.10\spring-test-6.0.10.jar;D:\Work\workMaven\apache-maven-3.9.1\mvn_repo\org\xmlunit\xmlunit-core\2.9.1\xmlunit-core-2.9.1.jar;D:\Work\workMaven\apache-maven-3.9.1\mvn_repo\com\baomidou\mybatis-plus-boot-starter\3.5.3.1\mybatis-plus-boot-starter-3.5.3.1.jar;D:\Work\workMaven\apache-maven-3.9.1\mvn_repo\com\baomidou\mybatis-plus\3.5.3.1\mybatis-plus-3.5.3.1.jar;D:\Work\workMaven\apache-maven-3.9.1\mvn_repo\com\baomidou\mybatis-plus-extension\3.5.3.1\mybatis-plus-extension-3.5.3.1.jar;D:\Work\workMaven\apache-maven-3.9.1\mvn_repo\com\baomidou\mybatis-plus-core\3.5.3.1\mybatis-plus-core-3.5.3.1.jar;D:\Work\workMaven\apache-maven-3.9.1\mvn_repo\com\baomidou\mybatis-plus-annotation\3.5.3.1\mybatis-plus-annotation-3.5.3.1.jar;D:\Work\workMaven\apache-maven-3.9.1\mvn_repo\com\github\jsqlparser\jsqlparser\4.4\jsqlparser-4.4.jar;D:\Work\workMaven\apache-maven-3.9.1\mvn_repo\org\mybatis\mybatis\3.5.10\mybatis-3.5.10.jar;D:\Work\workMaven\apache-maven-3.9.1\mvn_repo\org\mybatis\mybatis-spring\2.0.7\mybatis-spring-2.0.7.jar;D:\Work\workMaven\apache-maven-3.9.1\mvn_repo\org\springframework\boot\spring-boot-starter-jdbc\3.1.1\spring-boot-starter-jdbc-3.1.1.jar;D:\Work\workMaven\apache-maven-3.9.1\mvn_repo\com\zaxxer\HikariCP\5.0.1\HikariCP-5.0.1.jar;D:\Work\workMaven\apache-maven-3.9.1\mvn_repo\org\springframework\spring-jdbc\6.0.10\spring-jdbc-6.0.10.jar;D:\Work\workMaven\apache-maven-3.9.1\mvn_repo\org\springframework\spring-tx\6.0.10\spring-tx-6.0.10.jar;"/>
    <property name="java.vm.vendor" value="Amazon.com Inc."/>
    <property name="sun.arch.data.model" value="64"/>
    <property name="user.variant" value=""/>
    <property name="java.vendor.url" value="https://aws.amazon.com/corretto/"/>
    <property name="user.timezone" value="Asia/Shanghai"/>
    <property name="os.name" value="Windows 11"/>
    <property name="java.vm.specification.version" value="17"/>
    <property name="sun.java.launcher" value="SUN_STANDARD"/>
    <property name="user.country" value="CN"/>
    <property name="sun.boot.library.path" value="D:\Work\workJDK17\bin"/>
    <property name="sun.java.command" value="F:\temp\surefire11370367317032828040\surefirebooter-20230724091701048_3.jar F:\temp\surefire11370367317032828040 2023-07-24T09-16-47_394-jvmRun1 surefire-20230724091701048_1tmp surefire_0-20230724091701048_2tmp"/>
    <property name="jdk.debug" value="release"/>
    <property name="surefire.test.class.path" value="D:\Work\Work2 (JAVA)\resource_management_platform\target\test-classes;D:\Work\Work2 (JAVA)\resource_management_platform\target\classes;D:\Work\workMaven\apache-maven-3.9.1\mvn_repo\com\github\xiaoymin\knife4j-openapi3-jakarta-spring-boot-starter\4.1.0\knife4j-openapi3-jakarta-spring-boot-starter-4.1.0.jar;D:\Work\workMaven\apache-maven-3.9.1\mvn_repo\com\github\xiaoymin\knife4j-core\4.1.0\knife4j-core-4.1.0.jar;D:\Work\workMaven\apache-maven-3.9.1\mvn_repo\com\github\xiaoymin\knife4j-openapi3-ui\4.1.0\knife4j-openapi3-ui-4.1.0.jar;D:\Work\workMaven\apache-maven-3.9.1\mvn_repo\org\springdoc\springdoc-openapi-starter-common\2.0.4\springdoc-openapi-starter-common-2.0.4.jar;D:\Work\workMaven\apache-maven-3.9.1\mvn_repo\io\swagger\core\v3\swagger-core-jakarta\2.2.8\swagger-core-jakarta-2.2.8.jar;D:\Work\workMaven\apache-maven-3.9.1\mvn_repo\org\apache\commons\commons-lang3\3.12.0\commons-lang3-3.12.0.jar;D:\Work\workMaven\apache-maven-3.9.1\mvn_repo\jakarta\validation\jakarta.validation-api\3.0.2\jakarta.validation-api-3.0.2.jar;D:\Work\workMaven\apache-maven-3.9.1\mvn_repo\com\fasterxml\jackson\dataformat\jackson-dataformat-yaml\2.15.2\jackson-dataformat-yaml-2.15.2.jar;D:\Work\workMaven\apache-maven-3.9.1\mvn_repo\org\springdoc\springdoc-openapi-starter-webflux-ui\2.0.4\springdoc-openapi-starter-webflux-ui-2.0.4.jar;D:\Work\workMaven\apache-maven-3.9.1\mvn_repo\org\springdoc\springdoc-openapi-starter-webflux-api\2.0.4\springdoc-openapi-starter-webflux-api-2.0.4.jar;D:\Work\workMaven\apache-maven-3.9.1\mvn_repo\org\springframework\spring-webflux\6.0.10\spring-webflux-6.0.10.jar;D:\Work\workMaven\apache-maven-3.9.1\mvn_repo\io\projectreactor\reactor-core\3.5.7\reactor-core-3.5.7.jar;D:\Work\workMaven\apache-maven-3.9.1\mvn_repo\org\reactivestreams\reactive-streams\1.0.4\reactive-streams-1.0.4.jar;D:\Work\workMaven\apache-maven-3.9.1\mvn_repo\org\webjars\swagger-ui\4.18.1\swagger-ui-4.18.1.jar;D:\Work\workMaven\apache-maven-3.9.1\mvn_repo\org\webjars\webjars-locator-core\0.52\webjars-locator-core-0.52.jar;D:\Work\workMaven\apache-maven-3.9.1\mvn_repo\io\github\classgraph\classgraph\4.8.149\classgraph-4.8.149.jar;D:\Work\workMaven\apache-maven-3.9.1\mvn_repo\org\springdoc\springdoc-openapi-starter-webmvc-ui\2.0.4\springdoc-openapi-starter-webmvc-ui-2.0.4.jar;D:\Work\workMaven\apache-maven-3.9.1\mvn_repo\org\springdoc\springdoc-openapi-starter-webmvc-api\2.0.4\springdoc-openapi-starter-webmvc-api-2.0.4.jar;D:\Work\workMaven\apache-maven-3.9.1\mvn_repo\io\swagger\core\v3\swagger-annotations-jakarta\2.2.8\swagger-annotations-jakarta-2.2.8.jar;D:\Work\workMaven\apache-maven-3.9.1\mvn_repo\io\swagger\core\v3\swagger-models-jakarta\2.2.8\swagger-models-jakarta-2.2.8.jar;D:\Work\workMaven\apache-maven-3.9.1\mvn_repo\com\fasterxml\jackson\core\jackson-annotations\2.15.2\jackson-annotations-2.15.2.jar;D:\Work\workMaven\apache-maven-3.9.1\mvn_repo\org\springframework\boot\spring-boot-starter-web\3.1.1\spring-boot-starter-web-3.1.1.jar;D:\Work\workMaven\apache-maven-3.9.1\mvn_repo\org\springframework\boot\spring-boot-starter-json\3.1.1\spring-boot-starter-json-3.1.1.jar;D:\Work\workMaven\apache-maven-3.9.1\mvn_repo\com\fasterxml\jackson\core\jackson-databind\2.15.2\jackson-databind-2.15.2.jar;D:\Work\workMaven\apache-maven-3.9.1\mvn_repo\com\fasterxml\jackson\core\jackson-core\2.15.2\jackson-core-2.15.2.jar;D:\Work\workMaven\apache-maven-3.9.1\mvn_repo\com\fasterxml\jackson\datatype\jackson-datatype-jdk8\2.15.2\jackson-datatype-jdk8-2.15.2.jar;D:\Work\workMaven\apache-maven-3.9.1\mvn_repo\com\fasterxml\jackson\datatype\jackson-datatype-jsr310\2.15.2\jackson-datatype-jsr310-2.15.2.jar;D:\Work\workMaven\apache-maven-3.9.1\mvn_repo\com\fasterxml\jackson\module\jackson-module-parameter-names\2.15.2\jackson-module-parameter-names-2.15.2.jar;D:\Work\workMaven\apache-maven-3.9.1\mvn_repo\org\springframework\boot\spring-boot-starter-tomcat\3.1.1\spring-boot-starter-tomcat-3.1.1.jar;D:\Work\workMaven\apache-maven-3.9.1\mvn_repo\org\apache\tomcat\embed\tomcat-embed-core\10.1.10\tomcat-embed-core-10.1.10.jar;D:\Work\workMaven\apache-maven-3.9.1\mvn_repo\org\apache\tomcat\embed\tomcat-embed-el\10.1.10\tomcat-embed-el-10.1.10.jar;D:\Work\workMaven\apache-maven-3.9.1\mvn_repo\org\apache\tomcat\embed\tomcat-embed-websocket\10.1.10\tomcat-embed-websocket-10.1.10.jar;D:\Work\workMaven\apache-maven-3.9.1\mvn_repo\org\springframework\spring-web\6.0.10\spring-web-6.0.10.jar;D:\Work\workMaven\apache-maven-3.9.1\mvn_repo\org\springframework\spring-beans\6.0.10\spring-beans-6.0.10.jar;D:\Work\workMaven\apache-maven-3.9.1\mvn_repo\io\micrometer\micrometer-observation\1.11.1\micrometer-observation-1.11.1.jar;D:\Work\workMaven\apache-maven-3.9.1\mvn_repo\io\micrometer\micrometer-commons\1.11.1\micrometer-commons-1.11.1.jar;D:\Work\workMaven\apache-maven-3.9.1\mvn_repo\org\springframework\spring-webmvc\6.0.10\spring-webmvc-6.0.10.jar;D:\Work\workMaven\apache-maven-3.9.1\mvn_repo\org\springframework\spring-aop\6.0.10\spring-aop-6.0.10.jar;D:\Work\workMaven\apache-maven-3.9.1\mvn_repo\org\springframework\spring-context\6.0.10\spring-context-6.0.10.jar;D:\Work\workMaven\apache-maven-3.9.1\mvn_repo\org\springframework\spring-expression\6.0.10\spring-expression-6.0.10.jar;D:\Work\workMaven\apache-maven-3.9.1\mvn_repo\org\springframework\boot\spring-boot-starter\3.1.1\spring-boot-starter-3.1.1.jar;D:\Work\workMaven\apache-maven-3.9.1\mvn_repo\org\springframework\boot\spring-boot\3.1.1\spring-boot-3.1.1.jar;D:\Work\workMaven\apache-maven-3.9.1\mvn_repo\org\springframework\boot\spring-boot-autoconfigure\3.1.1\spring-boot-autoconfigure-3.1.1.jar;D:\Work\workMaven\apache-maven-3.9.1\mvn_repo\org\springframework\boot\spring-boot-starter-logging\3.1.1\spring-boot-starter-logging-3.1.1.jar;D:\Work\workMaven\apache-maven-3.9.1\mvn_repo\ch\qos\logback\logback-classic\1.4.8\logback-classic-1.4.8.jar;D:\Work\workMaven\apache-maven-3.9.1\mvn_repo\ch\qos\logback\logback-core\1.4.8\logback-core-1.4.8.jar;D:\Work\workMaven\apache-maven-3.9.1\mvn_repo\org\apache\logging\log4j\log4j-to-slf4j\2.20.0\log4j-to-slf4j-2.20.0.jar;D:\Work\workMaven\apache-maven-3.9.1\mvn_repo\org\apache\logging\log4j\log4j-api\2.20.0\log4j-api-2.20.0.jar;D:\Work\workMaven\apache-maven-3.9.1\mvn_repo\org\slf4j\jul-to-slf4j\2.0.7\jul-to-slf4j-2.0.7.jar;D:\Work\workMaven\apache-maven-3.9.1\mvn_repo\jakarta\annotation\jakarta.annotation-api\2.1.1\jakarta.annotation-api-2.1.1.jar;D:\Work\workMaven\apache-maven-3.9.1\mvn_repo\org\springframework\spring-core\6.0.10\spring-core-6.0.10.jar;D:\Work\workMaven\apache-maven-3.9.1\mvn_repo\org\springframework\spring-jcl\6.0.10\spring-jcl-6.0.10.jar;D:\Work\workMaven\apache-maven-3.9.1\mvn_repo\org\yaml\snakeyaml\1.33\snakeyaml-1.33.jar;D:\Work\workMaven\apache-maven-3.9.1\mvn_repo\org\projectlombok\lombok\1.18.28\lombok-1.18.28.jar;D:\Work\workMaven\apache-maven-3.9.1\mvn_repo\cn\hutool\hutool-all\5.8.10\hutool-all-5.8.10.jar;D:\Work\workMaven\apache-maven-3.9.1\mvn_repo\commons-lang\commons-lang\2.6\commons-lang-2.6.jar;D:\Work\workMaven\apache-maven-3.9.1\mvn_repo\org\aspectj\aspectjweaver\1.9.19\aspectjweaver-1.9.19.jar;D:\Work\workMaven\apache-maven-3.9.1\mvn_repo\mysql\mysql-connector-java\8.0.28\mysql-connector-java-8.0.28.jar;D:\Work\workMaven\apache-maven-3.9.1\mvn_repo\com\google\protobuf\protobuf-java\3.11.4\protobuf-java-3.11.4.jar;D:\Work\workMaven\apache-maven-3.9.1\mvn_repo\org\junit\platform\junit-platform-launcher\1.9.3\junit-platform-launcher-1.9.3.jar;D:\Work\workMaven\apache-maven-3.9.1\mvn_repo\org\junit\platform\junit-platform-engine\1.9.3\junit-platform-engine-1.9.3.jar;D:\Work\workMaven\apache-maven-3.9.1\mvn_repo\org\opentest4j\opentest4j\1.2.0\opentest4j-1.2.0.jar;D:\Work\workMaven\apache-maven-3.9.1\mvn_repo\org\junit\platform\junit-platform-commons\1.9.3\junit-platform-commons-1.9.3.jar;D:\Work\workMaven\apache-maven-3.9.1\mvn_repo\org\apiguardian\apiguardian-api\1.1.2\apiguardian-api-1.1.2.jar;D:\Work\workMaven\apache-maven-3.9.1\mvn_repo\org\slf4j\slf4j-reload4j\2.0.7\slf4j-reload4j-2.0.7.jar;D:\Work\workMaven\apache-maven-3.9.1\mvn_repo\org\slf4j\slf4j-api\2.0.7\slf4j-api-2.0.7.jar;D:\Work\workMaven\apache-maven-3.9.1\mvn_repo\ch\qos\reload4j\reload4j\1.2.22\reload4j-1.2.22.jar;D:\Work\workMaven\apache-maven-3.9.1\mvn_repo\com\alibaba\druid-spring-boot-starter\1.2.8\druid-spring-boot-starter-1.2.8.jar;D:\Work\workMaven\apache-maven-3.9.1\mvn_repo\com\alibaba\druid\1.2.8\druid-1.2.8.jar;D:\Work\workMaven\apache-maven-3.9.1\mvn_repo\javax\annotation\javax.annotation-api\1.3.2\javax.annotation-api-1.3.2.jar;D:\Work\workMaven\apache-maven-3.9.1\mvn_repo\com\alibaba\fastjson\1.2.83\fastjson-1.2.83.jar;D:\Work\workMaven\apache-maven-3.9.1\mvn_repo\org\springframework\boot\spring-boot-starter-test\3.1.1\spring-boot-starter-test-3.1.1.jar;D:\Work\workMaven\apache-maven-3.9.1\mvn_repo\org\springframework\boot\spring-boot-test\3.1.1\spring-boot-test-3.1.1.jar;D:\Work\workMaven\apache-maven-3.9.1\mvn_repo\org\springframework\boot\spring-boot-test-autoconfigure\3.1.1\spring-boot-test-autoconfigure-3.1.1.jar;D:\Work\workMaven\apache-maven-3.9.1\mvn_repo\com\jayway\jsonpath\json-path\2.8.0\json-path-2.8.0.jar;D:\Work\workMaven\apache-maven-3.9.1\mvn_repo\jakarta\xml\bind\jakarta.xml.bind-api\4.0.0\jakarta.xml.bind-api-4.0.0.jar;D:\Work\workMaven\apache-maven-3.9.1\mvn_repo\jakarta\activation\jakarta.activation-api\2.1.2\jakarta.activation-api-2.1.2.jar;D:\Work\workMaven\apache-maven-3.9.1\mvn_repo\net\minidev\json-smart\2.4.11\json-smart-2.4.11.jar;D:\Work\workMaven\apache-maven-3.9.1\mvn_repo\net\minidev\accessors-smart\2.4.11\accessors-smart-2.4.11.jar;D:\Work\workMaven\apache-maven-3.9.1\mvn_repo\org\ow2\asm\asm\9.3\asm-9.3.jar;D:\Work\workMaven\apache-maven-3.9.1\mvn_repo\org\assertj\assertj-core\3.24.2\assertj-core-3.24.2.jar;D:\Work\workMaven\apache-maven-3.9.1\mvn_repo\net\bytebuddy\byte-buddy\1.14.5\byte-buddy-1.14.5.jar;D:\Work\workMaven\apache-maven-3.9.1\mvn_repo\org\hamcrest\hamcrest\2.2\hamcrest-2.2.jar;D:\Work\workMaven\apache-maven-3.9.1\mvn_repo\org\junit\jupiter\junit-jupiter\5.9.3\junit-jupiter-5.9.3.jar;D:\Work\workMaven\apache-maven-3.9.1\mvn_repo\org\junit\jupiter\junit-jupiter-api\5.9.3\junit-jupiter-api-5.9.3.jar;D:\Work\workMaven\apache-maven-3.9.1\mvn_repo\org\junit\jupiter\junit-jupiter-params\5.9.3\junit-jupiter-params-5.9.3.jar;D:\Work\workMaven\apache-maven-3.9.1\mvn_repo\org\junit\jupiter\junit-jupiter-engine\5.9.3\junit-jupiter-engine-5.9.3.jar;D:\Work\workMaven\apache-maven-3.9.1\mvn_repo\org\mockito\mockito-core\5.3.1\mockito-core-5.3.1.jar;D:\Work\workMaven\apache-maven-3.9.1\mvn_repo\net\bytebuddy\byte-buddy-agent\1.14.5\byte-buddy-agent-1.14.5.jar;D:\Work\workMaven\apache-maven-3.9.1\mvn_repo\org\objenesis\objenesis\3.3\objenesis-3.3.jar;D:\Work\workMaven\apache-maven-3.9.1\mvn_repo\org\mockito\mockito-junit-jupiter\5.3.1\mockito-junit-jupiter-5.3.1.jar;D:\Work\workMaven\apache-maven-3.9.1\mvn_repo\org\skyscreamer\jsonassert\1.5.1\jsonassert-1.5.1.jar;D:\Work\workMaven\apache-maven-3.9.1\mvn_repo\com\vaadin\external\google\android-json\0.0.20131108.vaadin1\android-json-0.0.20131108.vaadin1.jar;D:\Work\workMaven\apache-maven-3.9.1\mvn_repo\org\springframework\spring-test\6.0.10\spring-test-6.0.10.jar;D:\Work\workMaven\apache-maven-3.9.1\mvn_repo\org\xmlunit\xmlunit-core\2.9.1\xmlunit-core-2.9.1.jar;D:\Work\workMaven\apache-maven-3.9.1\mvn_repo\com\baomidou\mybatis-plus-boot-starter\3.5.3.1\mybatis-plus-boot-starter-3.5.3.1.jar;D:\Work\workMaven\apache-maven-3.9.1\mvn_repo\com\baomidou\mybatis-plus\3.5.3.1\mybatis-plus-3.5.3.1.jar;D:\Work\workMaven\apache-maven-3.9.1\mvn_repo\com\baomidou\mybatis-plus-extension\3.5.3.1\mybatis-plus-extension-3.5.3.1.jar;D:\Work\workMaven\apache-maven-3.9.1\mvn_repo\com\baomidou\mybatis-plus-core\3.5.3.1\mybatis-plus-core-3.5.3.1.jar;D:\Work\workMaven\apache-maven-3.9.1\mvn_repo\com\baomidou\mybatis-plus-annotation\3.5.3.1\mybatis-plus-annotation-3.5.3.1.jar;D:\Work\workMaven\apache-maven-3.9.1\mvn_repo\com\github\jsqlparser\jsqlparser\4.4\jsqlparser-4.4.jar;D:\Work\workMaven\apache-maven-3.9.1\mvn_repo\org\mybatis\mybatis\3.5.10\mybatis-3.5.10.jar;D:\Work\workMaven\apache-maven-3.9.1\mvn_repo\org\mybatis\mybatis-spring\2.0.7\mybatis-spring-2.0.7.jar;D:\Work\workMaven\apache-maven-3.9.1\mvn_repo\org\springframework\boot\spring-boot-starter-jdbc\3.1.1\spring-boot-starter-jdbc-3.1.1.jar;D:\Work\workMaven\apache-maven-3.9.1\mvn_repo\com\zaxxer\HikariCP\5.0.1\HikariCP-5.0.1.jar;D:\Work\workMaven\apache-maven-3.9.1\mvn_repo\org\springframework\spring-jdbc\6.0.10\spring-jdbc-6.0.10.jar;D:\Work\workMaven\apache-maven-3.9.1\mvn_repo\org\springframework\spring-tx\6.0.10\spring-tx-6.0.10.jar;"/>
    <property name="sun.cpu.endian" value="little"/>
    <property name="user.home" value="C:\Users\哖輕 涙"/>
    <property name="user.language" value="zh"/>
    <property name="java.specification.vendor" value="Oracle Corporation"/>
    <property name="java.version.date" value="2023-04-18"/>
    <property name="java.home" value="D:\Work\workJDK17"/>
    <property name="file.separator" value="\"/>
    <property name="basedir" value="D:\Work\Work2 (JAVA)\resource_management_platform"/>
    <property name="java.vm.compressedOopsMode" value="Zero based"/>
    <property name="line.separator" value="&#10;"/>
    <property name="java.vm.specification.vendor" value="Oracle Corporation"/>
    <property name="java.specification.name" value="Java Platform API Specification"/>
    <property name="FILE_LOG_CHARSET" value="GBK"/>
    <property name="java.awt.headless" value="true"/>
    <property name="surefire.real.class.path" value="F:\temp\surefire11370367317032828040\surefirebooter-20230724091701048_3.jar"/>
    <property name="user.script" value=""/>
    <property name="sun.management.compiler" value="HotSpot 64-Bit Tiered Compilers"/>
    <property name="java.runtime.version" value="17.0.7+7-LTS"/>
    <property name="user.name" value="哖輕 涙"/>
    <property name="path.separator" value=";"/>
    <property name="os.version" value="10.0"/>
    <property name="java.runtime.name" value="OpenJDK Runtime Environment"/>
    <property name="file.encoding" value="GBK"/>
    <property name="java.vm.name" value="OpenJDK 64-Bit Server VM"/>
    <property name="java.vendor.version" value="Corretto-17.0.7.7.1"/>
    <property name="localRepository" value="D:\Work\workMaven\apache-maven-3.9.1\mvn_repo"/>
    <property name="java.vendor.url.bug" value="https://github.com/corretto/corretto-17/issues/"/>
    <property name="java.io.tmpdir" value="F:\temp\"/>
    <property name="idea.version" value="2023.1.1"/>
    <property name="java.version" value="17.0.7"/>
    <property name="user.dir" value="D:\Work\Work2 (JAVA)\resource_management_platform"/>
    <property name="os.arch" value="amd64"/>
    <property name="java.vm.specification.name" value="Java Virtual Machine Specification"/>
    <property name="PID" value="25256"/>
    <property name="sun.os.patch.level" value=""/>
    <property name="CONSOLE_LOG_CHARSET" value="GBK"/>
    <property name="native.encoding" value="GBK"/>
    <property name="java.library.path" value="D:\Work\workJDK17\bin;C:\WINDOWS\Sun\Java\bin;C:\WINDOWS\system32;C:\WINDOWS;C:\Program Files (x86)\NetSarang\Xshell 6\;C:\Program Files\Common Files\Oracle\Java\javapath;C:\Program Files (x86)\Common Files\Oracle\Java\javapath;C:\Program Files (x86)\Common Files\Intel\Shared Libraries\redist\intel64_win\compiler;C:\Program Files (x86)\Common Files\Intel\Shared Libraries\redist\intel64\compiler;C:\Windows\system32;C:\Windows;C:\Windows\System32\Wbem;C:\Windows\System32\WindowsPowerShell\v1.0\;C:\Windows\System32\OpenSSH\;C:\Program Files (x86)\NVIDIA Corporation\PhysX\Common;C:\Program Files\NVIDIA Corporation\NVIDIA NvDLISR;C:\WINDOWS\system32;C:\WINDOWS;C:\WINDOWS\System32\Wbem;C:\WINDOWS\System32\WindowsPowerShell\v1.0\;C:\WINDOWS\System32\OpenSSH\;C:\Program Files\dotnet\;E:\Program Files (x86)\Hspjdk8\bin\bin;C:\Program Files\Git\cmd;&quot;D:\Work\workTomCat\apache-tomcat-9.0.73\lib;D:\Work\workTomCat\apache-tomcat-9.0.73\lib\servlet-api.jar;D:\Work\workTomCat\apache-tomcat-9.0.73\lib\jsp-api.jar;&quot;;D:\Work\workMaven\apache-maven-3.9.1\bin;C:\Program Files\PowerShell\7\;C:\Users\哖輕 涙\AppData\Local\Programs\Python\Python310\Scripts\;C:\Users\哖輕 涙\AppData\Local\Programs\Python\Python310\;C:\Users\哖輕 涙\AppData\Local\Programs\Python\Launcher\;C:\Users\哖輕 涙\AppData\Local\Microsoft\WindowsApps;E:\Program Files (x86)\Microsoft VS Code\bin;D:\Work\workJDK\bin;E:\Program Files\IntelliJ IDEA 2022.3.2\bin;;D:\Work\workMySQL\mysql-5.7.19-winx64;E:\Program Files\PyCharm 2022.3.2\bin;;E:\Program Files\DataGrip 2022.3.3\bin;;C:\Users\哖輕 涙\AppData\Local\GitHubDesktop\bin;E:\Program Files\WebStorm 2023.1\bin;;."/>
    <property name="java.vm.info" value="mixed mode, sharing"/>
    <property name="java.vendor" value="Amazon.com Inc."/>
    <property name="java.vm.version" value="17.0.7+7-LTS"/>
    <property name="sun.io.unicode.encoding" value="UnicodeLittle"/>
    <property name="java.class.version" value="61.0"/>
  </properties>
  <testcase name="add01" classname="selab.desktop.resource_management.ResourceManagementPlatformApplicationTests" time="0.816">
    <system-out><![CDATA[09:17:01.750 [main] INFO org.springframework.test.context.support.AnnotationConfigContextLoaderUtils -- Could not detect default configuration classes for test class [selab.desktop.resource_management.ResourceManagementPlatformApplicationTests]: ResourceManagementPlatformApplicationTests does not declare any static, non-private, non-final, nested classes annotated with @Configuration.
09:17:01.826 [main] INFO org.springframework.boot.test.context.SpringBootTestContextBootstrapper -- Found @SpringBootConfiguration selab.desktop.resource_management.ResourceManagementPlatformApplication for test class selab.desktop.resource_management.ResourceManagementPlatformApplicationTests

  .   ____          _            __ _ _
 /\\ / ___'_ __ _ _(_)_ __  __ _ \ \ \ \
( ( )\___ | '_ | '_| | '_ \/ _` | \ \ \ \
 \\/  ___)| |_)| | | | | || (_| |  ) ) ) )
  '  |____| .__|_| |_|_| |_\__, | / / / /
 =========|_|==============|___/=/_/_/_/
 :: Spring Boot ::                (v3.1.1)

2023-07-24T09:17:02.127+08:00  INFO 25256 --- [           main] sourceManagementPlatformApplicationTests : Starting ResourceManagementPlatformApplicationTests using Java 17.0.7 with PID 25256 (started by 哖輕 涙 in D:\Work\Work2 (JAVA)\resource_management_platform)
2023-07-24T09:17:02.128+08:00  INFO 25256 --- [           main] sourceManagementPlatformApplicationTests : No active profile set, falling back to 1 default profile: "default"
Logging initialized using 'class org.apache.ibatis.logging.stdout.StdOutImpl' adapter.
Property 'mapperLocations' was not specified.
 _ _   |_  _ _|_. ___ _ |    _ 
| | |\/|_)(_| | |_\  |_)||_|_\ 
     /               |         
                        3.5.3.1 
2023-07-24T09:17:04.354+08:00  INFO 25256 --- [           main] sourceManagementPlatformApplicationTests : Started ResourceManagementPlatformApplicationTests in 2.421 seconds (process running for 3.064)
sb
]]></system-out>
    <system-err><![CDATA[SLF4J: Class path contains multiple SLF4J providers.
SLF4J: Found provider [ch.qos.logback.classic.spi.LogbackServiceProvider@1fa121e2]
SLF4J: Found provider [org.slf4j.reload4j.Reload4jServiceProvider@7eac9008]
SLF4J: See https://www.slf4j.org/codes.html#multiple_bindings for an explanation.
SLF4J: Actual provider is of type [ch.qos.logback.classic.spi.LogbackServiceProvider@1fa121e2]
]]></system-err>
  </testcase>
</testsuite>